<?xml version="1.0" encoding="UTF-8"?>
<testng-results skipped="0" failed="0" ignored="0" total="2" passed="2">
  <reporter-output>
  </reporter-output>
  <suite name="Default suite" duration-ms="4952" started-at="2022-06-08T23:30:22 EDT" finished-at="2022-06-08T23:30:26 EDT">
    <groups>
    </groups>
    <test name="Default test" duration-ms="4952" started-at="2022-06-08T23:30:22 EDT" finished-at="2022-06-08T23:30:26 EDT">
      <class name="com.restapi.sentiment.SentimentTest">
        <test-method status="PASS" signature="myTest(java.lang.String)[pri:0, instance:com.restapi.sentiment.SentimentTest@1d6a08]" name="myTest" duration-ms="4113" started-at="2022-06-08T23:30:22 EDT" data-provider="data-provider" finished-at="2022-06-08T23:30:26 EDT">
          <params>
            <param index="0">
              <value>
                <![CDATA[I love the service]]>
              </value>
            </param>
          </params>
          <reporter-output>
          </reporter-output>
        </test-method> <!-- myTest -->
        <test-method status="PASS" signature="myTest(java.lang.String)[pri:0, instance:com.restapi.sentiment.SentimentTest@1d6a08]" name="myTest" duration-ms="771" started-at="2022-06-08T23:30:26 EDT" data-provider="data-provider" finished-at="2022-06-08T23:30:26 EDT">
          <params>
            <param index="0">
              <value>
                <![CDATA[I hate the service]]>
              </value>
            </param>
          </params>
          <reporter-output>
          </reporter-output>
        </test-method> <!-- myTest -->
      </class> <!-- com.restapi.sentiment.SentimentTest -->
    </test> <!-- Default test -->
  </suite> <!-- Default suite -->
</testng-results>
